Arguments: 
  C:\Program Files\nodejs\node.exe C:\Users\Administrator\AppData\Roaming\npm\node_modules\yarn\bin\yarn.js install

PATH: 
  C:\Program Files (x86)\Common Files\Oracle\Java\javapath;C:\Windows\system32;C:\Windows;C:\Windows\System32\Wbem;C:\Windows\System32\WindowsPowerShell\v1.0\;C:\Program Files\nodejs\;C:\Program Files\TortoiseSVN\bin;C:\Program Files\Java\jdk1.8.0_171\bin;C:\Program Files\Java\jdk1.8.0_171\jre\bin;D:\gradle\gradle-4.7\bin;C:\Users\Administrator\AppData\Roaming\npm;D:\Microsoft VS Code\bin

Yarn version: 
  1.7.0

Node version: 
  8.11.2

Platform: 
  win32 x64

Trace: 
  Error: https://registry.yarnpkg.com/rc-tooltip/-/rc-tooltip-3.4.9.tgz: ENOENT: no such file or directory, utime 'C:\Users\Administrator\AppData\Local\Yarn\Cache\v1\npm-rc-tooltip-3.4.9-6f99ecbbe3925810447fe0ce81a6ed4f721da8c5\dist\rc-tooltip.js.map'

npm manifest: 
  {
    "name": "gulp_webpack_react",
    "version": "0.0.1",
    "scripts": {
      "dev": "gulp build_dev"
    },
    "theme": {
      "font-size-base": "14px",
      "font-size-lg": "16px",
      "font-size-sm": "12px"
    },
    "devDependencies": {
      "antd": "^2.12.4",
      "assets-webpack-plugin": "^3.5.1",
      "async": "^2.4.0",
      "autoprefixer": "^7.1.0",
      "axios": "^0.16.2",
      "babel-core": "^6.24.1",
      "babel-loader": "^7.0.0",
      "babel-plugin-import": "^1.3.1",
      "babel-plugin-transform-decorators-legacy": "^1.3.4",
      "babel-preset-latest": "^6.24.1",
      "babel-preset-react": "^6.24.1",
      "babel-preset-stage-0": "^6.24.1",
      "babel-preset-stage-3": "^6.24.1",
      "classnames": "^2.2.5",
      "css-loader": "^0.28.1",
      "del": "^2.2.2",
      "echarts": "^3.7.2",
      "eslint": "^3.19.0",
      "eslint-friendly-formatter": "^2.0.7",
      "eslint-loader": "^1.7.1",
      "eslint-plugin-react": "^7.0.0",
      "extract-text-webpack-plugin": "^2.1.0",
      "file-loader": "^0.11.1",
      "fs": "0.0.1-security",
      "generate-asset-webpack-plugin": "^0.3.0",
      "gulp": "^3.9.1",
      "gulp-changed": "^3.1.0",
      "gulp-clean": "^0.3.2",
      "gulp-copy": "^1.0.0",
      "gulp-imagemin": "^3.2.0",
      "gulp-jshint": "^2.0.4",
      "gulp-less": "^3.3.2",
      "gulp-minify-css": "^1.2.4",
      "gulp-minify-html": "^1.0.6",
      "gulp-open": "^2.0.0",
      "gulp-replace": "^0.5.4",
      "gulp-rev": "^7.1.2",
      "gulp-rev-collector": "^1.1.1",
      "gulp-sass": "^3.1.0",
      "gulp-sftp": "^0.1.5",
      "gulp-ssh": "^0.6.0",
      "gulp-uglify": "^2.1.2",
      "gulp-util": "^3.0.8",
      "gulp-watch": "^4.3.11",
      "gulp-zip": "^4.0.0",
      "html-loader": "^0.4.5",
      "html-webpack-plugin": "^2.28.0",
      "imagemin-pngquant": "^5.0.0",
      "jr-qrcode": "^1.1.0",
      "jsx-loader": "^0.13.2",
      "less-loader": "^4.0.3",
      "lodash": "^4.17.4",
      "node-sass": "^4.7.2",
      "postcss-loader": "^2.0.5",
      "query-string": "^5.0.0",
      "rc": "^1.2.1",
      "rd": "^1.0.0",
      "react": "^15.5.4",
      "react-color": "^2.13.8",
      "react-dom": "^15.5.4",
      "react-hot-loader": "^1.3.1",
      "react-id-swiper": "^1.4.0",
      "react-quill": "^1.1.0",
      "react-redux": "^5.0.6",
      "react-router-dom": "^4.1.1",
      "react-sortable-hoc": "^0.6.8",
      "react-swiper": "^0.1.5",
      "redux": "^3.7.2",
      "redux-devtools-extension": "^2.13.2",
      "redux-logger": "^3.0.6",
      "redux-promise": "^0.5.3",
      "redux-thunk": "^2.2.0",
      "reqwest": "^2.0.5",
      "sass-loader": "^6.0.5",
      "style-loader": "^0.17.0",
      "underscore": "^1.8.3",
      "url-loader": "^0.5.8",
      "video-react": "^0.8.8",
      "webpack": "^2.4.1",
      "webpack-dev-server": "^2.4.5",
      "webpack-livereload-plugin": "^0.11.0",
      "webpack-md5-hash": "0.0.5",
      "webpack-split-hash": "0.0.1",
      "ztree": "^3.5.24"
    },
    "dependencies": {
      "gulp": "^3.9.1",
      "jquery": "^3.2.1",
      "jsx-loader": "^0.13.2",
      "less-loader": "^4.0.3",
      "sass-loader": "^6.0.5",
      "webpack": "^2.4.1",
      "webpack-md5-hash": "0.0.5"
    }
  }

yarn manifest: 
  No manifest

Lockfile: 
  No lockfile
